[0.478s] Invoking command in '/home/orientpine/robot_ws/build/ros2_aruco_interfaces': CMAKE_PREFIX_PATH=/opt/ros/humble /usr/bin/cmake /home/orientpine/robot_ws/src/ros2_aruco/ros2_aruco_interfaces -DAMENT_CMAKE_SYMLINK_INSTALL=1 -DCMAKE_INSTALL_PREFIX=/home/orientpine/robot_ws/install/ros2_aruco_interfaces
[0.570s] -- The C compiler identification is GNU 11.4.0
[0.671s] -- The CXX compiler identification is GNU 11.4.0
[0.688s] -- Detecting C compiler ABI info
[0.798s] -- Detecting C compiler ABI info - done
[0.816s] -- Check for working C compiler: /usr/bin/cc - skipped
[0.817s] -- Detecting C compile features
[0.817s] -- Detecting C compile features - done
[0.823s] -- Detecting CXX compiler ABI info
[0.952s] -- Detecting CXX compiler ABI info - done
[0.965s] -- Check for working CXX compiler: /usr/bin/c++ - skipped
[0.966s] -- Detecting CXX compile features
[0.966s] -- Detecting CXX compile features - done
[0.970s] -- Found ament_cmake: 1.3.11 (/opt/ros/humble/share/ament_cmake/cmake)
[1.497s] -- Found Python3: /home/orientpine/miniconda3/bin/python3 (found version "3.11.5") found components: Interpreter 
[1.602s] -- Override CMake install command with custom implementation using symlinks instead of copying resources
[1.638s] -- Found geometry_msgs: 4.2.4 (/opt/ros/humble/share/geometry_msgs/cmake)
[1.692s] -- Found rosidl_generator_c: 3.1.6 (/opt/ros/humble/share/rosidl_generator_c/cmake)
[1.699s] -- Found rosidl_adapter: 3.1.6 (/opt/ros/humble/share/rosidl_adapter/cmake)
[1.714s] -- Found rosidl_generator_cpp: 3.1.6 (/opt/ros/humble/share/rosidl_generator_cpp/cmake)
[1.733s] -- Using all available rosidl_typesupport_c: rosidl_typesupport_fastrtps_c;rosidl_typesupport_introspection_c
[1.758s] -- Using all available rosidl_typesupport_cpp: rosidl_typesupport_fastrtps_cpp;rosidl_typesupport_introspection_cpp
[1.827s] -- Found rosidl_default_generators: 1.2.0 (/opt/ros/humble/share/rosidl_default_generators/cmake)
[2.014s] [31mCMake Error at /opt/ros/humble/share/rosidl_adapter/cmake/rosidl_adapt_interfaces.cmake:59 (message):
[2.015s]   execute_process(/home/orientpine/miniconda3/bin/python3 -m rosidl_adapter
[2.015s]   --package-name ros2_aruco_interfaces --arguments-file
[2.015s]   /home/orientpine/robot_ws/build/ros2_aruco_interfaces/rosidl_adapter__arguments__ros2_aruco_interfaces.json
[2.015s]   --output-dir
[2.015s]   /home/orientpine/robot_ws/build/ros2_aruco_interfaces/rosidl_adapter/ros2_aruco_interfaces
[2.015s]   --output-file
[2.015s]   /home/orientpine/robot_ws/build/ros2_aruco_interfaces/rosidl_adapter/ros2_aruco_interfaces.idls)
[2.015s]   returned error code 1:
[2.015s] 
[2.016s]   AttributeError processing template 'msg.idl.em'
[2.016s] 
[2.016s]   Traceback (most recent call last):
[2.016s] 
[2.016s]     File "/opt/ros/humble/local/lib/python3.10/dist-packages/rosidl_adapter/resource/__init__.py", line 51, in evaluate_template
[2.016s]       em.BUFFERED_OPT: True,
[2.016s]       ^^^^^^^^^^^^^^^
[2.016s] 
[2.016s]   AttributeError: module 'em' has no attribute 'BUFFERED_OPT'
[2.016s] 
[2.016s]   
[2.017s] 
[2.017s]   During handling of the above exception, another exception occurred:
[2.017s] 
[2.017s]   
[2.017s] 
[2.017s]   Traceback (most recent call last):
[2.017s] 
[2.017s]     File "<frozen runpy>", line 198, in _run_module_as_main
[2.017s]     File "<frozen runpy>", line 88, in _run_code
[2.017s]     File "/opt/ros/humble/local/lib/python3.10/dist-packages/rosidl_adapter/__main__.py", line 19, in <module>
[2.017s]       sys.exit(main())
[2.017s]                ^^^^^^
[2.018s]     File "/opt/ros/humble/local/lib/python3.10/dist-packages/rosidl_adapter/main.py", line 53, in main
[2.018s]       abs_idl_file = convert_to_idl(
[2.018s]                      ^^^^^^^^^^^^^^^
[2.018s]     File "/opt/ros/humble/local/lib/python3.10/dist-packages/rosidl_adapter/__init__.py", line 19, in convert_to_idl
[2.018s]       return convert_msg_to_idl(
[2.018s]              ^^^^^^^^^^^^^^^^^^^
[2.018s]     File "/opt/ros/humble/local/lib/python3.10/dist-packages/rosidl_adapter/msg/__init__.py", line 39, in convert_msg_to_idl
[2.018s]       expand_template('msg.idl.em', data, output_file, encoding='iso-8859-1')
[2.018s]     File "/opt/ros/humble/local/lib/python3.10/dist-packages/rosidl_adapter/resource/__init__.py", line 23, in expand_template
[2.018s]       content = evaluate_template(template_name, data)
[2.018s]                 ^^^^^^^^^^^^^^^^^^^^^^^^^^^^^^^^^^^^^^
[2.018s]     File "/opt/ros/humble/local/lib/python3.10/dist-packages/rosidl_adapter/resource/__init__.py", line 69, in evaluate_template
[2.019s]       _interpreter.shutdown()
[2.019s]       ^^^^^^^^^^^^^^^^^^^^^
[2.019s] 
[2.019s]   AttributeError: 'NoneType' object has no attribute 'shutdown'
[2.019s] 
[2.019s] Call Stack (most recent call first):
[2.019s]   /opt/ros/humble/share/rosidl_cmake/cmake/rosidl_generate_interfaces.cmake:130 (rosidl_adapt_interfaces)
[2.019s]   CMakeLists.txt:28 (rosidl_generate_interfaces)
[2.019s] 
[2.019s] [0m
[2.019s] -- Configuring incomplete, errors occurred!
[2.020s] See also "/home/orientpine/robot_ws/build/ros2_aruco_interfaces/CMakeFiles/CMakeOutput.log".
