[0.032s] Invoking command in '/home/orientpine/robot_ws/build/interface_rb10_apple': CMAKE_PREFIX_PATH=/opt/ros/humble /usr/bin/cmake /home/orientpine/robot_ws/src/interface_rb10_apple -DAMENT_CMAKE_SYMLINK_INSTALL=1 -DCMAKE_INSTALL_PREFIX=/home/orientpine/robot_ws/install/interface_rb10_apple
[0.487s] -- The C compiler identification is GNU 11.4.0
[0.487s] -- The CXX compiler identification is GNU 11.4.0
[0.489s] -- Detecting C compiler ABI info
[0.489s] -- Detecting C compiler ABI info - done
[0.490s] -- Check for working C compiler: /usr/bin/cc - skipped
[0.490s] -- Detecting C compile features
[0.490s] -- Detecting C compile features - done
[0.490s] -- Detecting CXX compiler ABI info
[0.491s] -- Detecting CXX compiler ABI info - done
[0.491s] -- Check for working CXX compiler: /usr/bin/c++ - skipped
[0.492s] -- Detecting CXX compile features
[0.492s] -- Detecting CXX compile features - done
[0.497s] -- Found ament_cmake: 1.3.11 (/opt/ros/humble/share/ament_cmake/cmake)
[1.036s] -- Found Python3: /home/orientpine/miniconda3/bin/python3 (found version "3.11.5") found components: Interpreter 
[1.150s] -- Override CMake install command with custom implementation using symlinks instead of copying resources
[1.185s] -- Found builtin_interfaces: 1.2.1 (/opt/ros/humble/share/builtin_interfaces/cmake)
[1.235s] -- Found rosidl_generator_c: 3.1.6 (/opt/ros/humble/share/rosidl_generator_c/cmake)
[1.243s] -- Found rosidl_adapter: 3.1.6 (/opt/ros/humble/share/rosidl_adapter/cmake)
[1.256s] -- Found rosidl_generator_cpp: 3.1.6 (/opt/ros/humble/share/rosidl_generator_cpp/cmake)
[1.275s] -- Using all available rosidl_typesupport_c: rosidl_typesupport_fastrtps_c;rosidl_typesupport_introspection_c
[1.301s] -- Using all available rosidl_typesupport_cpp: rosidl_typesupport_fastrtps_cpp;rosidl_typesupport_introspection_cpp
[1.329s] -- Found rosidl_default_generators: 1.2.0 (/opt/ros/humble/share/rosidl_default_generators/cmake)
[1.516s] [31mCMake Error at /opt/ros/humble/share/rosidl_adapter/cmake/rosidl_adapt_interfaces.cmake:59 (message):
[1.516s]   execute_process(/home/orientpine/miniconda3/bin/python3 -m rosidl_adapter
[1.516s]   --package-name interface_rb10_apple --arguments-file
[1.516s]   /home/orientpine/robot_ws/build/interface_rb10_apple/rosidl_adapter__arguments__interface_rb10_apple.json
[1.516s]   --output-dir
[1.516s]   /home/orientpine/robot_ws/build/interface_rb10_apple/rosidl_adapter/interface_rb10_apple
[1.517s]   --output-file
[1.517s]   /home/orientpine/robot_ws/build/interface_rb10_apple/rosidl_adapter/interface_rb10_apple.idls)
[1.517s]   returned error code 1:
[1.517s] 
[1.517s]   AttributeError processing template 'msg.idl.em'
[1.517s] 
[1.518s]   Traceback (most recent call last):
[1.518s] 
[1.518s]     File "/opt/ros/humble/local/lib/python3.10/dist-packages/rosidl_adapter/resource/__init__.py", line 51, in evaluate_template
[1.518s]       em.BUFFERED_OPT: True,
[1.518s]       ^^^^^^^^^^^^^^^
[1.518s] 
[1.519s]   AttributeError: module 'em' has no attribute 'BUFFERED_OPT'
[1.519s] 
[1.519s]   
[1.519s] 
[1.519s]   During handling of the above exception, another exception occurred:
[1.519s] 
[1.520s]   
[1.520s] 
[1.520s]   Traceback (most recent call last):
[1.520s] 
[1.520s]     File "<frozen runpy>", line 198, in _run_module_as_main
[1.520s]     File "<frozen runpy>", line 88, in _run_code
[1.521s]     File "/opt/ros/humble/local/lib/python3.10/dist-packages/rosidl_adapter/__main__.py", line 19, in <module>
[1.521s]       sys.exit(main())
[1.521s]                ^^^^^^
[1.521s]     File "/opt/ros/humble/local/lib/python3.10/dist-packages/rosidl_adapter/main.py", line 53, in main
[1.521s]       abs_idl_file = convert_to_idl(
[1.521s]                      ^^^^^^^^^^^^^^^
[1.522s]     File "/opt/ros/humble/local/lib/python3.10/dist-packages/rosidl_adapter/__init__.py", line 19, in convert_to_idl
[1.522s]       return convert_msg_to_idl(
[1.522s]              ^^^^^^^^^^^^^^^^^^^
[1.522s]     File "/opt/ros/humble/local/lib/python3.10/dist-packages/rosidl_adapter/msg/__init__.py", line 39, in convert_msg_to_idl
[1.522s]       expand_template('msg.idl.em', data, output_file, encoding='iso-8859-1')
[1.522s]     File "/opt/ros/humble/local/lib/python3.10/dist-packages/rosidl_adapter/resource/__init__.py", line 23, in expand_template
[1.523s]       content = evaluate_template(template_name, data)
[1.523s]                 ^^^^^^^^^^^^^^^^^^^^^^^^^^^^^^^^^^^^^^
[1.523s]     File "/opt/ros/humble/local/lib/python3.10/dist-packages/rosidl_adapter/resource/__init__.py", line 69, in evaluate_template
[1.523s]       _interpreter.shutdown()
[1.523s]       ^^^^^^^^^^^^^^^^^^^^^
[1.523s] 
[1.524s]   AttributeError: 'NoneType' object has no attribute 'shutdown'
[1.524s] 
[1.524s] Call Stack (most recent call first):
[1.524s]   /opt/ros/humble/share/rosidl_cmake/cmake/rosidl_generate_interfaces.cmake:130 (rosidl_adapt_interfaces)
[1.524s]   CMakeLists.txt:35 (rosidl_generate_interfaces)
[1.525s] 
[1.525s] [0m
[1.525s] -- Configuring incomplete, errors occurred!
[1.526s] See also "/home/orientpine/robot_ws/build/interface_rb10_apple/CMakeFiles/CMakeOutput.log".
[1.527s] Invoked command in '/home/orientpine/robot_ws/build/interface_rb10_apple' returned '1': CMAKE_PREFIX_PATH=/opt/ros/humble /usr/bin/cmake /home/orientpine/robot_ws/src/interface_rb10_apple -DAMENT_CMAKE_SYMLINK_INSTALL=1 -DCMAKE_INSTALL_PREFIX=/home/orientpine/robot_ws/install/interface_rb10_apple
