[0.031s] Invoking command in '/home/orientpine/robot_ws/build/interface_rb10_apple': CMAKE_PREFIX_PATH=/opt/ros/humble /usr/bin/cmake /home/orientpine/robot_ws/src/interface_rb10_apple -DAMENT_CMAKE_SYMLINK_INSTALL=1 -DCMAKE_INSTALL_PREFIX=/home/orientpine/robot_ws/install/interface_rb10_apple
[0.478s] -- Found ament_cmake: 1.3.11 (/opt/ros/humble/share/ament_cmake/cmake)
[0.479s] -- Override CMake install command with custom implementation using symlinks instead of copying resources
[0.479s] -- Found builtin_interfaces: 1.2.1 (/opt/ros/humble/share/builtin_interfaces/cmake)
[0.480s] -- Found rosidl_generator_c: 3.1.6 (/opt/ros/humble/share/rosidl_generator_c/cmake)
[0.481s] -- Found rosidl_adapter: 3.1.6 (/opt/ros/humble/share/rosidl_adapter/cmake)
[0.481s] -- Found rosidl_generator_cpp: 3.1.6 (/opt/ros/humble/share/rosidl_generator_cpp/cmake)
[0.482s] -- Using all available rosidl_typesupport_c: rosidl_typesupport_fastrtps_c;rosidl_typesupport_introspection_c
[0.482s] -- Using all available rosidl_typesupport_cpp: rosidl_typesupport_fastrtps_cpp;rosidl_typesupport_introspection_cpp
[0.482s] -- Found rosidl_default_generators: 1.2.0 (/opt/ros/humble/share/rosidl_default_generators/cmake)
[0.939s] -- Found ament_cmake_ros: 0.10.0 (/opt/ros/humble/share/ament_cmake_ros/cmake)
[1.452s] -- Using all available rosidl_typesupport_c: rosidl_typesupport_fastrtps_c;rosidl_typesupport_introspection_c
[1.662s] -- Using all available rosidl_typesupport_cpp: rosidl_typesupport_fastrtps_cpp;rosidl_typesupport_introspection_cpp
[1.696s] -- Found PythonInterp: /home/orientpine/miniconda3/bin/python3 (found suitable version "3.11.5", minimum required is "3.6") 
[1.699s] -- Found python_cmake_module: 0.10.0 (/opt/ros/humble/share/python_cmake_module/cmake)
[1.737s] -- Found PythonLibs: /home/orientpine/miniconda3/lib/libpython3.11.so (found suitable version "3.11.5", minimum required is "3.5") 
[1.737s] -- Using PYTHON_EXECUTABLE: /home/orientpine/miniconda3/bin/python3
[1.737s] -- Using PYTHON_INCLUDE_DIRS: /home/orientpine/miniconda3/include/python3.11
[1.737s] -- Using PYTHON_LIBRARIES: /home/orientpine/miniconda3/lib/libpython3.11.so
[1.769s] -- Found PythonExtra: .so  
[2.048s] -- Using numpy include directory: /home/orientpine/miniconda3/lib/python3.11/site-packages/numpy/_core/include
[2.085s] -- Configuring done
[2.166s] -- Generating done
[2.185s] -- Build files have been written to: /home/orientpine/robot_ws/build/interface_rb10_apple
[2.193s] Invoked command in '/home/orientpine/robot_ws/build/interface_rb10_apple' returned '0': CMAKE_PREFIX_PATH=/opt/ros/humble /usr/bin/cmake /home/orientpine/robot_ws/src/interface_rb10_apple -DAMENT_CMAKE_SYMLINK_INSTALL=1 -DCMAKE_INSTALL_PREFIX=/home/orientpine/robot_ws/install/interface_rb10_apple
[2.196s] Invoking command in '/home/orientpine/robot_ws/build/interface_rb10_apple': CMAKE_PREFIX_PATH=/opt/ros/humble /usr/bin/cmake --build /home/orientpine/robot_ws/build/interface_rb10_apple -- -j12 -l12
[2.260s] [  1%] [34m[1mGenerating C code for ROS interfaces[0m
[2.277s] [  2%] [34m[1mGenerating C++ code for ROS interfaces[0m
[2.288s] [  2%] Built target ament_cmake_python_symlink_interface_rb10_apple
[2.339s] Traceback (most recent call last):
[2.340s]   File "/opt/ros/humble/share/rosidl_generator_c/cmake/../../../lib/rosidl_generator_c/rosidl_generator_c", line 8, in <module>
[2.340s]     from rosidl_generator_c import generate_c
[2.340s]   File "/opt/ros/humble/local/lib/python3.10/dist-packages/rosidl_generator_c/__init__.py", line 15, in <module>
[2.340s]     from rosidl_cmake import convert_camel_case_to_lower_case_underscore
[2.340s]   File "/opt/ros/humble/local/lib/python3.10/dist-packages/rosidl_cmake/__init__.py", line 24, in <module>
[2.341s]     from rosidl_parser.parser import parse_idl_file
[2.341s]   File "/opt/ros/humble/local/lib/python3.10/dist-packages/rosidl_parser/parser.py", line 20, in <module>
[2.341s]     from lark import Lark
[2.341s] ModuleNotFoundError: No module named 'lark'
[2.352s] gmake[2]: *** [CMakeFiles/interface_rb10_apple__rosidl_generator_c.dir/build.make:101: rosidl_generator_c/interface_rb10_apple/msg/robot_joint_position.h] Error 1
[2.352s] gmake[1]: *** [CMakeFiles/Makefile2:212: CMakeFiles/interface_rb10_apple__rosidl_generator_c.dir/all] Error 2
[2.352s] gmake[1]: *** Waiting for unfinished jobs....
[2.364s] Traceback (most recent call last):
[2.364s]   File "/opt/ros/humble/share/rosidl_generator_cpp/cmake/../../../lib/rosidl_generator_cpp/rosidl_generator_cpp", line 8, in <module>
[2.365s]     from rosidl_generator_cpp import generate_cpp
[2.365s]   File "/opt/ros/humble/local/lib/python3.10/dist-packages/rosidl_generator_cpp/__init__.py", line 17, in <module>
[2.365s]     from rosidl_cmake import generate_files
[2.365s]   File "/opt/ros/humble/local/lib/python3.10/dist-packages/rosidl_cmake/__init__.py", line 24, in <module>
[2.365s]     from rosidl_parser.parser import parse_idl_file
[2.365s]   File "/opt/ros/humble/local/lib/python3.10/dist-packages/rosidl_parser/parser.py", line 20, in <module>
[2.365s]     from lark import Lark
[2.365s] ModuleNotFoundError: No module named 'lark'
[2.378s] gmake[2]: *** [CMakeFiles/interface_rb10_apple__cpp.dir/build.make:142: rosidl_generator_cpp/interface_rb10_apple/msg/robot_joint_position.hpp] Error 1
[2.379s] gmake[1]: *** [CMakeFiles/Makefile2:265: CMakeFiles/interface_rb10_apple__cpp.dir/all] Error 2
[2.545s] running egg_info
[2.547s] creating interface_rb10_apple.egg-info
[2.568s] writing interface_rb10_apple.egg-info/PKG-INFO
[2.568s] writing dependency_links to interface_rb10_apple.egg-info/dependency_links.txt
[2.569s] writing top-level names to interface_rb10_apple.egg-info/top_level.txt
[2.569s] writing manifest file 'interface_rb10_apple.egg-info/SOURCES.txt'
[2.633s] reading manifest file 'interface_rb10_apple.egg-info/SOURCES.txt'
[2.633s] writing manifest file 'interface_rb10_apple.egg-info/SOURCES.txt'
[2.741s] [  2%] Built target ament_cmake_python_build_interface_rb10_apple_egg
[2.746s] gmake: *** [Makefile:146: all] Error 2
[2.753s] Invoked command in '/home/orientpine/robot_ws/build/interface_rb10_apple' returned '2': CMAKE_PREFIX_PATH=/opt/ros/humble /usr/bin/cmake --build /home/orientpine/robot_ws/build/interface_rb10_apple -- -j12 -l12
